# JRE version: OpenJDK Runtime Environment (8.0_252-b09) (build 1.8.0_252-8u252-b09-1~18.04-b09)
# Java VM: OpenJDK 64-Bit Server VM (25.252-b09 mixed mode linux-amd64 compressed oops)
Heap:
 PSYoungGen      total 375808K, used 8694K [0x00000000d7100000, 0x00000000ef300000, 0x0000000100000000)
  eden space 367104K, 0% used [0x00000000d7100000,0x00000000d7100000,0x00000000ed780000)
  from space 8704K, 99% used [0x00000000ed780000,0x00000000edffd858,0x00000000ee000000)
  to   space 8192K, 0% used [0x00000000ee000000,0x00000000ee000000,0x00000000ee800000)
 ParOldGen       total 44544K, used 14821K [0x0000000085200000, 0x0000000087d80000, 0x00000000d7100000)
  object space 44544K, 33% used [0x0000000085200000,0x00000000860796c8,0x0000000087d80000)
 Metaspace       used 33760K, capacity 35333K, committed 35416K, reserved 1079296K
  class space    used 4432K, capacity 4736K, committed 4736K, reserved 1048576K
GC Heap History (10 events):
Event: 26.655 GC heap after
Heap after GC invocations=7 (full 0):
 PSYoungGen      total 133632K, used 7168K [0x00000000d7100000, 0x00000000e7800000, 0x0000000100000000)
  eden space 125952K, 0% used [0x00000000d7100000,0x00000000d7100000,0x00000000dec00000)
  from space 7680K, 93% used [0x00000000dec00000,0x00000000df300168,0x00000000df380000)
  to   space 8704K, 0% used [0x00000000e6f80000,0x00000000e6f80000,0x00000000e7800000)
 ParOldGen       total 84992K, used 2760K [0x0000000085200000, 0x000000008a500000, 0x00000000d7100000)
  object space 84992K, 3% used [0x0000000085200000,0x00000000854b22f0,0x000000008a500000)
 Metaspace       used 20460K, capacity 21076K, committed 21248K, reserved 1067008K
  class space    used 2556K, capacity 2741K, committed 2816K, reserved 1048576K
}
Event: 26.655 GC heap before
{Heap before GC invocations=8 (full 1):
 PSYoungGen      total 133632K, used 7168K [0x00000000d7100000, 0x00000000e7800000, 0x0000000100000000)
  eden space 125952K, 0% used [0x00000000d7100000,0x00000000d7100000,0x00000000dec00000)
  from space 7680K, 93% used [0x00000000dec00000,0x00000000df300168,0x00000000df380000)
  to   space 8704K, 0% used [0x00000000e6f80000,0x00000000e6f80000,0x00000000e7800000)
 ParOldGen       total 84992K, used 2760K [0x0000000085200000, 0x000000008a500000, 0x00000000d7100000)
  object space 84992K, 3% used [0x0000000085200000,0x00000000854b22f0,0x000000008a500000)
 Metaspace       used 20460K, capacity 21076K, committed 21248K, reserved 1067008K
  class space    used 2556K, capacity 2741K, committed 2816K, reserved 1048576K
Event: 26.714 GC heap after
Heap after GC invocations=8 (full 1):
 PSYoungGen      total 133632K, used 0K [0x00000000d7100000, 0x00000000e7800000, 0x0000000100000000)
  eden space 125952K, 0% used [0x00000000d7100000,0x00000000d7100000,0x00000000dec00000)
  from space 7680K, 0% used [0x00000000dec00000,0x00000000dec00000,0x00000000df380000)
  to   space 8704K, 0% used [0x00000000e6f80000,0x00000000e6f80000,0x00000000e7800000)
 ParOldGen       total 44544K, used 8647K [0x0000000085200000, 0x0000000087d80000, 0x00000000d7100000)
  object space 44544K, 19% used [0x0000000085200000,0x0000000085a71c00,0x0000000087d80000)
 Metaspace       used 20460K, capacity 21076K, committed 21248K, reserved 1067008K
  class space    used 2556K, capacity 2741K, committed 2816K, reserved 1048576K
}
Event: 50.546 GC heap before
{Heap before GC invocations=9 (full 1):
 PSYoungGen      total 133632K, used 125952K [0x00000000d7100000, 0x00000000e7800000, 0x0000000100000000)
  eden space 125952K, 100% used [0x00000000d7100000,0x00000000dec00000,0x00000000dec00000)
  from space 7680K, 0% used [0x00000000dec00000,0x00000000dec00000,0x00000000df380000)
  to   space 8704K, 0% used [0x00000000e6f80000,0x00000000e6f80000,0x00000000e7800000)
 ParOldGen       total 44544K, used 8647K [0x0000000085200000, 0x0000000087d80000, 0x00000000d7100000)
  object space 44544K, 19% used [0x0000000085200000,0x0000000085a71c00,0x0000000087d80000)
 Metaspace       used 25027K, capacity 25950K, committed 26240K, reserved 1073152K
  class space    used 3167K, capacity 3380K, committed 3456K, reserved 1048576K
Event: 50.560 GC heap after
Heap after GC invocations=9 (full 1):
 PSYoungGen      total 246784K, used 6199K [0x00000000d7100000, 0x00000000e7600000, 0x0000000100000000)
  eden space 240128K, 0% used [0x00000000d7100000,0x00000000d7100000,0x00000000e5b80000)
  from space 6656K, 93% used [0x00000000e6f80000,0x00000000e758dca8,0x00000000e7600000)
  to   space 8704K, 0% used [0x00000000e6500000,0x00000000e6500000,0x00000000e6d80000)
 ParOldGen       total 44544K, used 8655K [0x0000000085200000, 0x0000000087d80000, 0x00000000d7100000)
  object space 44544K, 19% used [0x0000000085200000,0x0000000085a73c00,0x0000000087d80000)
 Metaspace       used 25027K, capacity 25950K, committed 26240K, reserved 1073152K
  class space    used 3167K, capacity 3380K, committed 3456K, reserved 1048576K
}
Event: 60.612 GC heap before
{Heap before GC invocations=10 (full 1):
 PSYoungGen      total 246784K, used 246327K [0x00000000d7100000, 0x00000000e7600000, 0x0000000100000000)
  eden space 240128K, 100% used [0x00000000d7100000,0x00000000e5b80000,0x00000000e5b80000)
  from space 6656K, 93% used [0x00000000e6f80000,0x00000000e758dca8,0x00000000e7600000)
  to   space 8704K, 0% used [0x00000000e6500000,0x00000000e6500000,0x00000000e6d80000)
 ParOldGen       total 44544K, used 8655K [0x0000000085200000, 0x0000000087d80000, 0x00000000d7100000)
  object space 44544K, 19% used [0x0000000085200000,0x0000000085a73c00,0x0000000087d80000)
 Metaspace       used 26023K, capacity 26988K, committed 27136K, reserved 1073152K
  class space    used 3261K, capacity 3493K, committed 3584K, reserved 1048576K
Event: 60.643 GC heap after
Heap after GC invocations=10 (full 1):
 PSYoungGen      total 258560K, used 5205K [0x00000000d7100000, 0x00000000ee800000, 0x0000000100000000)
  eden space 249856K, 0% used [0x00000000d7100000,0x00000000d7100000,0x00000000e6500000)
  from space 8704K, 59% used [0x00000000e6500000,0x00000000e6a15748,0x00000000e6d80000)
  to   space 8192K, 0% used [0x00000000ee000000,0x00000000ee000000,0x00000000ee800000)
 ParOldGen       total 44544K, used 8663K [0x0000000085200000, 0x0000000087d80000, 0x00000000d7100000)
  object space 44544K, 19% used [0x0000000085200000,0x0000000085a75c00,0x0000000087d80000)
 Metaspace       used 26023K, capacity 26988K, committed 27136K, reserved 1073152K
  class space    used 3261K, capacity 3493K, committed 3584K, reserved 1048576K
}
Event: 70.349 GC heap before
{Heap before GC invocations=11 (full 1):
 PSYoungGen      total 258560K, used 255061K [0x00000000d7100000, 0x00000000ee800000, 0x0000000100000000)
  eden space 249856K, 100% used [0x00000000d7100000,0x00000000e6500000,0x00000000e6500000)
  from space 8704K, 59% used [0x00000000e6500000,0x00000000e6a15748,0x00000000e6d80000)
  to   space 8192K, 0% used [0x00000000ee000000,0x00000000ee000000,0x00000000ee800000)
 ParOldGen       total 44544K, used 8663K [0x0000000085200000, 0x0000000087d80000, 0x00000000d7100000)
  object space 44544K, 19% used [0x0000000085200000,0x0000000085a75c00,0x0000000087d80000)
 Metaspace       used 26402K, capacity 27480K, committed 27648K, reserved 1073152K
  class space    used 3313K, capacity 3543K, committed 3584K, reserved 1048576K
Event: 70.370 GC heap after
Heap after GC invocations=11 (full 1):
 PSYoungGen      total 375296K, used 2688K [0x00000000d7100000, 0x00000000ef300000, 0x0000000100000000)
  eden space 367104K, 0% used [0x00000000d7100000,0x00000000d7100000,0x00000000ed780000)
  from space 8192K, 32% used [0x00000000ee000000,0x00000000ee2a0000,0x00000000ee800000)
  to   space 8704K, 0% used [0x00000000ed780000,0x00000000ed780000,0x00000000ee000000)
 ParOldGen       total 44544K, used 11168K [0x0000000085200000, 0x0000000087d80000, 0x00000000d7100000)
  object space 44544K, 25% used [0x0000000085200000,0x0000000085ce8158,0x0000000087d80000)
 Metaspace       used 26402K, capacity 27480K, committed 27648K, reserved 1073152K
  class space    used 3313K, capacity 3543K, committed 3584K, reserved 1048576K
}
Event: 140.202 GC heap before
{Heap before GC invocations=12 (full 1):
 PSYoungGen      total 375296K, used 326828K [0x00000000d7100000, 0x00000000ef300000, 0x0000000100000000)
  eden space 367104K, 88% used [0x00000000d7100000,0x00000000ead8b200,0x00000000ed780000)
  from space 8192K, 32% used [0x00000000ee000000,0x00000000ee2a0000,0x00000000ee800000)
  to   space 8704K, 0% used [0x00000000ed780000,0x00000000ed780000,0x00000000ee000000)
 ParOldGen       total 44544K, used 11168K [0x0000000085200000, 0x0000000087d80000, 0x00000000d7100000)
  object space 44544K, 25% used [0x0000000085200000,0x0000000085ce8158,0x0000000087d80000)
 Metaspace       used 33760K, capacity 35333K, committed 35416K, reserved 1079296K
  class space    used 4432K, capacity 4736K, committed 4736K, reserved 1048576K

